
Starting sbatch script
Job ID: 10832224
DATE: Sat Feb 25 15:27:04 PST 2023, NTASKS: 16, NNODES: 2


module load openmpi/4.1.2
which mpiexec
/share/software/user/open/openmpi/4.1.2/bin/mpiexec
module load python/3.9.0
module load py-numpy/1.20.3_py39
module load py-mpi4py/3.1.3_py39
python --version
Python 3.9.0

Running MatMul
DATE: Sat Feb 25 15:27:05 PST 2023

mpiexec -n 16 python matmul_mpi.py 20480 --dtype float64

Finish creating communicators 15:27:07
Finish broadcasting 15:27:17
Finish block multiplication 15:27:45
Finish gathering 15:28:08

Shape of result matrix: (20480, 20480)

Done...
DATE: Sat Feb 25 15:28:08 PST 2023, NTASKS: 16, NNODES: 2
Execution time: 63 s
