
Starting sbatch script
Job ID: 10832221
DATE: Sat Feb 25 15:26:15 PST 2023, NTASKS: 16, NNODES: 2


module load openmpi/4.1.2
which mpiexec
/share/software/user/open/openmpi/4.1.2/bin/mpiexec
module load python/3.9.0
module load py-numpy/1.20.3_py39
module load py-mpi4py/3.1.3_py39
python --version
Python 3.9.0

Running MatMul
DATE: Sat Feb 25 15:26:17 PST 2023

mpiexec -n 16 python matmul_mpi.py 20480 --dtype float32

Finish creating communicators 15:26:19
Finish broadcasting 15:26:23
Finish block multiplication 15:26:36
Finish gathering 15:26:48

Shape of result matrix: (20480, 20480)

Done...
DATE: Sat Feb 25 15:26:48 PST 2023, NTASKS: 16, NNODES: 2
Execution time: 31 s
