
Starting sbatch script
Job ID: 10833163
DATE: Sat Feb 25 15:30:09 PST 2023, NTASKS: 64, NNODES: 4


module load openmpi/4.1.2
which mpiexec
/share/software/user/open/openmpi/4.1.2/bin/mpiexec
module load python/3.9.0
module load py-numpy/1.20.3_py39
module load py-mpi4py/3.1.3_py39
python --version
Python 3.9.0

Running MatMul
DATE: Sat Feb 25 15:30:11 PST 2023

mpiexec -n 64 python matmul_mpi.py 20480 --dtype float32

Finish creating communicators 15:30:12
Finish broadcasting 15:30:13
Finish block multiplication 15:30:16
Finish gathering 15:30:19

Shape of result matrix: (20480, 20480)

Done...
DATE: Sat Feb 25 15:30:19 PST 2023, NTASKS: 64, NNODES: 4
Execution time: 8 s
