
Starting sbatch script
Job ID: 10833259
DATE: Sat Feb 25 15:31:26 PST 2023, NTASKS: 64, NNODES: 4


module load openmpi/4.1.2
which mpiexec
/share/software/user/open/openmpi/4.1.2/bin/mpiexec
module load python/3.9.0
module load py-numpy/1.20.3_py39
module load py-mpi4py/3.1.3_py39
python --version
Python 3.9.0

Running MatMul
DATE: Sat Feb 25 15:31:27 PST 2023

mpiexec -n 64 python matmul_mpi.py 20480 --dtype float64

Finish creating communicators 15:31:29
Finish broadcasting 15:31:31
Finish block multiplication 15:31:36
Finish gathering 15:31:40

Shape of result matrix: (20480, 20480)

Done...
DATE: Sat Feb 25 15:31:41 PST 2023, NTASKS: 64, NNODES: 4
Execution time: 14 s
