
Starting sbatch script
Job ID: 10833740
DATE: Sat Feb 25 15:33:29 PST 2023, NTASKS: 64, NNODES: 4


module load openmpi/4.1.2
which mpiexec
/share/software/user/open/openmpi/4.1.2/bin/mpiexec
module load python/3.9.0
module load py-numpy/1.20.3_py39
module load py-mpi4py/3.1.3_py39
python --version
Python 3.9.0

Running MatMul
DATE: Sat Feb 25 15:33:31 PST 2023

mpiexec -n 64 python matmul_mpi.py 40960 --dtype float64

Finish creating communicators 15:33:33
Finish broadcasting 15:33:42
Finish block multiplication 15:34:32
Finish gathering 15:34:45

Shape of result matrix: (40960, 40960)

Done...
DATE: Sat Feb 25 15:34:46 PST 2023, NTASKS: 64, NNODES: 4
Execution time: 75 s
