
Starting sbatch script
Job ID: 10832100
DATE: Sat Feb 25 15:19:47 PST 2023, NTASKS: 16, NNODES: 2


module load openmpi/4.1.2
which mpiexec
/share/software/user/open/openmpi/4.1.2/bin/mpiexec
module load python/3.9.0
module load py-numpy/1.20.3_py39
module load py-mpi4py/3.1.3_py39
python --version
Python 3.9.0

Running MatMul
DATE: Sat Feb 25 15:19:49 PST 2023

mpiexec -n 16 python matmul_mpi.py 40960 --dtype float64

Finish creating communicators 15:19:50
Finish broadcasting 15:20:16
Finish block multiplication 15:23:11
Finish gathering 15:23:25

Shape of result matrix: (40960, 40960)

Done...
DATE: Sat Feb 25 15:23:26 PST 2023, NTASKS: 16, NNODES: 2
Execution time: 217 s
