
Starting sbatch script
Job ID: 10832218
DATE: Sat Feb 25 15:25:19 PST 2023, NTASKS: 16, NNODES: 2


module load openmpi/4.1.2
which mpiexec
/share/software/user/open/openmpi/4.1.2/bin/mpiexec
module load python/3.9.0
module load py-numpy/1.20.3_py39
module load py-mpi4py/3.1.3_py39
python --version
Python 3.9.0

Running MatMul
DATE: Sat Feb 25 15:25:20 PST 2023

mpiexec -n 16 python matmul_mpi.py 40960 --dtype float32

Finish creating communicators 15:25:22
Finish broadcasting 15:25:38
Finish block multiplication 15:27:31
Finish gathering 15:27:54

Shape of result matrix: (40960, 40960)

Done...
DATE: Sat Feb 25 15:27:55 PST 2023, NTASKS: 16, NNODES: 2
Execution time: 155 s
