
Starting sbatch script
Job ID: 10833593
DATE: Sat Feb 25 15:32:44 PST 2023, NTASKS: 64, NNODES: 4


module load openmpi/4.1.2
which mpiexec
/share/software/user/open/openmpi/4.1.2/bin/mpiexec
module load python/3.9.0
module load py-numpy/1.20.3_py39
module load py-mpi4py/3.1.3_py39
python --version
Python 3.9.0

Running MatMul
DATE: Sat Feb 25 15:32:45 PST 2023

mpiexec -n 64 python matmul_mpi.py 40960 --dtype float32

Finish creating communicators 15:32:47
Finish broadcasting 15:32:53
Finish block multiplication 15:33:17
Finish gathering 15:33:24

Shape of result matrix: (40960, 40960)

Done...
DATE: Sat Feb 25 15:33:24 PST 2023, NTASKS: 64, NNODES: 4
Execution time: 39 s
