
Starting sbatch script
Job ID: 10834216
DATE: Sat Feb 25 15:47:25 PST 2023, NTASKS: 64, NNODES: 4


module load openmpi/4.1.2
which mpiexec
/share/software/user/open/openmpi/4.1.2/bin/mpiexec
module load python/3.9.0
module load py-numpy/1.20.3_py39
module load py-mpi4py/3.1.3_py39
python --version
Python 3.9.0

Running MatMul
DATE: Sat Feb 25 15:47:27 PST 2023

mpiexec -n 64 python matmul_mpi.py 61440 --dtype float32

Finish creating communicators 15:47:28
Finish broadcasting 15:47:42
Finish block multiplication 15:48:59
Finish gathering 15:49:13

Shape of result matrix: (61440, 61440)

Done...
DATE: Sat Feb 25 15:49:14 PST 2023, NTASKS: 64, NNODES: 4
Execution time: 107 s
